<?xml version="1.0" encoding="UTF-8"?>
<!-- Generated by org.testng.reporters.JUnitXMLReporter -->
<testsuite hostname="DESKTOP-K5O1RF8" ignored="1" name="Default test" tests="11" failures="0" timestamp="08 Oct 2018 12:26:29 GMT" time="67.9" errors="0">
  <testcase name="verifydresstab" time="0.07" classname="com.application2.AutomationPracticeTestPage"/>
  <testcase name="verifydresstabclick" time="3.964" classname="com.application2.AutomationPracticeTestPage"/>
  <testcase name="verifytshirts" time="0.054" classname="com.application2.AutomationPracticeTestPage"/>
  <testcase name="verifytshirtstabclick" time="3.038" classname="com.application2.AutomationPracticeTestPage"/>
  <testcase name="verifywomentab" time="0.096" classname="com.application2.AutomationPracticeTestPage"/>
  <testcase name="verifywomentabclick" time="3.82" classname="com.application2.AutomationPracticeTestPage"/>
  <testcase name="randomemailaddress" time="6.715" classname="com.application2.AutomationPracticeTestPage"/>
  <testcase name="verifyAddToCart" time="1.417" classname="com.application2.AutomationPracticeTestPage"/>
  <testcase name="clicksummerdresslink" time="7.343" classname="com.application2.AutomationPracticeTestPage"/>
  <testcase name="selectAtoZ" time="20.671" classname="com.application2.SummerDressTest"/>
  <testcase name="reduceprice" time="20.661" classname="com.application2.SummerDressTest"/>
  <testcase name="verifynewsletter" time="0.0" classname="com.application2.AutomationPracticeTestPage">
    <ignored/>
  </testcase> <!-- verifynewsletter -->
</testsuite> <!-- Default test -->
