<?xml version="1.0" encoding="UTF-8"?>
<!-- Generated by org.testng.reporters.JUnitXMLReporter -->
<testsuite hostname="DESKTOP-K5O1RF8" ignored="1" name="Default test" tests="10" failures="0" timestamp="26 Sep 2018 05:16:00 GMT" time="40.208" errors="0">
  <testcase name="verifydresstab" time="0.075" classname="com.application2.AutomationPracticeTestPage"/>
  <testcase name="verifydresstabclick" time="6.092" classname="com.application2.AutomationPracticeTestPage"/>
  <testcase name="verifytshirts" time="0.068" classname="com.application2.AutomationPracticeTestPage"/>
  <testcase name="verifytshirtstabclick" time="5.43" classname="com.application2.AutomationPracticeTestPage"/>
  <testcase name="verifywomentab" time="0.072" classname="com.application2.AutomationPracticeTestPage"/>
  <testcase name="verifywomentabclick" time="6.042" classname="com.application2.AutomationPracticeTestPage"/>
  <testcase name="randomemailaddress" time="8.848" classname="com.application2.AutomationPracticeTestPage"/>
  <testcase name="checkAddToCart" time="2.215" classname="com.application2.AutomationPracticeTestPage"/>
  <testcase name="verifyAddToCart" time="1.116" classname="com.application2.AutomationPracticeTestPage"/>
  <testcase name="clicksummerdresslink" time="10.17" classname="com.application2.AutomationPracticeTestPage"/>
  <testcase name="verifynewsletter" time="0.0" classname="com.application2.AutomationPracticeTestPage">
    <ignored/>
  </testcase> <!-- verifynewsletter -->
</testsuite> <!-- Default test -->
